D:\ProJects\pizzaKennel\bobbySaxyKennel\mmenu\mmenu-js-master\src\_version.js
D:\ProJects\pizzaKennel\bobbySaxyKennel\mmenu\mmenu-js-master\src\core\_dom.js
D:\ProJects\pizzaKennel\bobbySaxyKennel\mmenu\mmenu-js-master\src\core\_eventlisteners.js
D:\ProJects\pizzaKennel\bobbySaxyKennel\mmenu\mmenu-js-master\src\core\_helpers.js
D:\ProJects\pizzaKennel\bobbySaxyKennel\mmenu\mmenu-js-master\src\core\_i18n.js
D:\ProJects\pizzaKennel\bobbySaxyKennel\mmenu\mmenu-js-master\src\core\_matchmedia.js
D:\ProJects\pizzaKennel\bobbySaxyKennel\mmenu\mmenu-js-master\src\core\_support.js
D:\ProJects\pizzaKennel\bobbySaxyKennel\mmenu\mmenu-js-master\src\core\oncanvas\_options.js
D:\ProJects\pizzaKennel\bobbySaxyKennel\mmenu\mmenu-js-master\src\core\oncanvas\_configs.js
D:\ProJects\pizzaKennel\bobbySaxyKennel\mmenu\mmenu-js-master\src\core\oncanvas\translations\nl.js
D:\ProJects\pizzaKennel\bobbySaxyKennel\mmenu\mmenu-js-master\src\core\oncanvas\translations\fa.js
D:\ProJects\pizzaKennel\bobbySaxyKennel\mmenu\mmenu-js-master\src\core\oncanvas\translations\de.js
D:\ProJects\pizzaKennel\bobbySaxyKennel\mmenu\mmenu-js-master\src\core\oncanvas\translations\ru.js
D:\ProJects\pizzaKennel\bobbySaxyKennel\mmenu\mmenu-js-master\src\core\oncanvas\translations\translate.js
D:\ProJects\pizzaKennel\bobbySaxyKennel\mmenu\mmenu-js-master\src\core\oncanvas\mmenu.oncanvas.js
D:\ProJects\pizzaKennel\bobbySaxyKennel\mmenu\mmenu-js-master\src\addons\autoheight\_options.js
D:\ProJects\pizzaKennel\bobbySaxyKennel\mmenu\mmenu-js-master\src\addons\autoheight\mmenu.autoheight.js
D:\ProJects\pizzaKennel\bobbySaxyKennel\mmenu\mmenu-js-master\src\addons\backbutton\_options.js
D:\ProJects\pizzaKennel\bobbySaxyKennel\mmenu\mmenu-js-master\src\addons\backbutton\mmenu.backbutton.js
D:\ProJects\pizzaKennel\bobbySaxyKennel\mmenu\mmenu-js-master\src\addons\columns\_options.js
D:\ProJects\pizzaKennel\bobbySaxyKennel\mmenu\mmenu-js-master\src\addons\columns\mmenu.columns.js
D:\ProJects\pizzaKennel\bobbySaxyKennel\mmenu\mmenu-js-master\src\addons\counters\_options.js
D:\ProJects\pizzaKennel\bobbySaxyKennel\mmenu\mmenu-js-master\src\addons\counters\mmenu.counters.js
D:\ProJects\pizzaKennel\bobbySaxyKennel\mmenu\mmenu-js-master\src\addons\dividers\_options.js
D:\ProJects\pizzaKennel\bobbySaxyKennel\mmenu\mmenu-js-master\src\addons\dividers\mmenu.dividers.js
D:\ProJects\pizzaKennel\bobbySaxyKennel\mmenu\mmenu-js-master\src\addons\drag\_options.js
D:\ProJects\pizzaKennel\bobbySaxyKennel\mmenu\mmenu-js-master\src\addons\drag\_configs.js
D:\ProJects\pizzaKennel\bobbySaxyKennel\mmenu\mmenu-js-master\src\addons\drag\mmenu.drag.js
D:\ProJects\pizzaKennel\bobbySaxyKennel\mmenu\mmenu-js-master\src\addons\dropdown\_options.js
D:\ProJects\pizzaKennel\bobbySaxyKennel\mmenu\mmenu-js-master\src\addons\dropdown\_configs.js
D:\ProJects\pizzaKennel\bobbySaxyKennel\mmenu\mmenu-js-master\src\addons\dropdown\mmenu.dropdown.js
D:\ProJects\pizzaKennel\bobbySaxyKennel\mmenu\mmenu-js-master\src\addons\fixedelements\_configs.js
D:\ProJects\pizzaKennel\bobbySaxyKennel\mmenu\mmenu-js-master\src\addons\fixedelements\mmenu.fixedelements.js
D:\ProJects\pizzaKennel\bobbySaxyKennel\mmenu\mmenu-js-master\src\addons\iconbar\_options.js
D:\ProJects\pizzaKennel\bobbySaxyKennel\mmenu\mmenu-js-master\src\addons\iconbar\mmenu.iconbar.js
D:\ProJects\pizzaKennel\bobbySaxyKennel\mmenu\mmenu-js-master\src\addons\iconpanels\_options.js
D:\ProJects\pizzaKennel\bobbySaxyKennel\mmenu\mmenu-js-master\src\addons\iconpanels\mmenu.iconpanels.js
D:\ProJects\pizzaKennel\bobbySaxyKennel\mmenu\mmenu-js-master\src\addons\keyboardnavigation\_options.js
D:\ProJects\pizzaKennel\bobbySaxyKennel\mmenu\mmenu-js-master\src\addons\keyboardnavigation\mmenu.keyboardnavigation.js
D:\ProJects\pizzaKennel\bobbySaxyKennel\mmenu\mmenu-js-master\src\addons\lazysubmenus\_options.js
D:\ProJects\pizzaKennel\bobbySaxyKennel\mmenu\mmenu-js-master\src\addons\lazysubmenus\mmenu.lazysubmenus.js
D:\ProJects\pizzaKennel\bobbySaxyKennel\mmenu\mmenu-js-master\src\addons\navbars\_options.js
D:\ProJects\pizzaKennel\bobbySaxyKennel\mmenu\mmenu-js-master\src\addons\navbars\_configs.js
D:\ProJects\pizzaKennel\bobbySaxyKennel\mmenu\mmenu-js-master\src\addons\navbars\_navbar.breadcrumbs.js
D:\ProJects\pizzaKennel\bobbySaxyKennel\mmenu\mmenu-js-master\src\addons\navbars\_navbar.close.js
D:\ProJects\pizzaKennel\bobbySaxyKennel\mmenu\mmenu-js-master\src\addons\navbars\_navbar.next.js
D:\ProJects\pizzaKennel\bobbySaxyKennel\mmenu\mmenu-js-master\src\addons\navbars\_navbar.prev.js
D:\ProJects\pizzaKennel\bobbySaxyKennel\mmenu\mmenu-js-master\src\addons\navbars\_navbar.searchfield.js
D:\ProJects\pizzaKennel\bobbySaxyKennel\mmenu\mmenu-js-master\src\addons\navbars\_navbar.title.js
D:\ProJects\pizzaKennel\bobbySaxyKennel\mmenu\mmenu-js-master\src\addons\navbars\_navbar.tabs.js
D:\ProJects\pizzaKennel\bobbySaxyKennel\mmenu\mmenu-js-master\src\addons\navbars\mmenu.navbars.js
D:\ProJects\pizzaKennel\bobbySaxyKennel\mmenu\mmenu-js-master\src\addons\pagescroll\_options.js
D:\ProJects\pizzaKennel\bobbySaxyKennel\mmenu\mmenu-js-master\src\addons\pagescroll\_configs.js
D:\ProJects\pizzaKennel\bobbySaxyKennel\mmenu\mmenu-js-master\src\addons\pagescroll\mmenu.pagescroll.js
D:\ProJects\pizzaKennel\bobbySaxyKennel\mmenu\mmenu-js-master\src\addons\searchfield\_options.js
D:\ProJects\pizzaKennel\bobbySaxyKennel\mmenu\mmenu-js-master\src\addons\searchfield\_configs.js
D:\ProJects\pizzaKennel\bobbySaxyKennel\mmenu\mmenu-js-master\src\addons\searchfield\translations\nl.js
D:\ProJects\pizzaKennel\bobbySaxyKennel\mmenu\mmenu-js-master\src\addons\searchfield\translations\fa.js
D:\ProJects\pizzaKennel\bobbySaxyKennel\mmenu\mmenu-js-master\src\addons\searchfield\translations\de.js
D:\ProJects\pizzaKennel\bobbySaxyKennel\mmenu\mmenu-js-master\src\addons\searchfield\translations\ru.js
D:\ProJects\pizzaKennel\bobbySaxyKennel\mmenu\mmenu-js-master\src\addons\searchfield\translations\translate.js
D:\ProJects\pizzaKennel\bobbySaxyKennel\mmenu\mmenu-js-master\src\addons\searchfield\mmenu.searchfield.js
D:\ProJects\pizzaKennel\bobbySaxyKennel\mmenu\mmenu-js-master\src\addons\sectionindexer\_options.js
D:\ProJects\pizzaKennel\bobbySaxyKennel\mmenu\mmenu-js-master\src\addons\sectionindexer\mmenu.sectionindexer.js
D:\ProJects\pizzaKennel\bobbySaxyKennel\mmenu\mmenu-js-master\src\addons\setselected\_options.js
D:\ProJects\pizzaKennel\bobbySaxyKennel\mmenu\mmenu-js-master\src\addons\setselected\mmenu.setselected.js
D:\ProJects\pizzaKennel\bobbySaxyKennel\mmenu\mmenu-js-master\src\addons\sidebar\_options.js
D:\ProJects\pizzaKennel\bobbySaxyKennel\mmenu\mmenu-js-master\src\addons\sidebar\mmenu.sidebar.js
D:\ProJects\pizzaKennel\bobbySaxyKennel\mmenu\mmenu-js-master\src\addons\toggles\mmenu.toggles.js
D:\ProJects\pizzaKennel\bobbySaxyKennel\mmenu\mmenu-js-master\src\core\offcanvas\_options.js
D:\ProJects\pizzaKennel\bobbySaxyKennel\mmenu\mmenu-js-master\src\core\offcanvas\_configs.js
D:\ProJects\pizzaKennel\bobbySaxyKennel\mmenu\mmenu-js-master\src\core\offcanvas\mmenu.offcanvas.js
D:\ProJects\pizzaKennel\bobbySaxyKennel\mmenu\mmenu-js-master\src\core\screenreader\_options.js
D:\ProJects\pizzaKennel\bobbySaxyKennel\mmenu\mmenu-js-master\src\core\screenreader\_configs.js
D:\ProJects\pizzaKennel\bobbySaxyKennel\mmenu\mmenu-js-master\src\core\screenreader\translations\nl.js
D:\ProJects\pizzaKennel\bobbySaxyKennel\mmenu\mmenu-js-master\src\core\screenreader\translations\fa.js
D:\ProJects\pizzaKennel\bobbySaxyKennel\mmenu\mmenu-js-master\src\core\screenreader\translations\de.js
D:\ProJects\pizzaKennel\bobbySaxyKennel\mmenu\mmenu-js-master\src\core\screenreader\translations\ru.js
D:\ProJects\pizzaKennel\bobbySaxyKennel\mmenu\mmenu-js-master\src\core\screenreader\translations\translate.js
D:\ProJects\pizzaKennel\bobbySaxyKennel\mmenu\mmenu-js-master\src\core\screenreader\mmenu.screenreader.js
D:\ProJects\pizzaKennel\bobbySaxyKennel\mmenu\mmenu-js-master\src\core\scrollbugfix\_options.js
D:\ProJects\pizzaKennel\bobbySaxyKennel\mmenu\mmenu-js-master\src\core\scrollbugfix\mmenu.scrollbugfix.js
D:\ProJects\pizzaKennel\bobbySaxyKennel\mmenu\mmenu-js-master\src\wrappers\angular\mmenu.angular.js
D:\ProJects\pizzaKennel\bobbySaxyKennel\mmenu\mmenu-js-master\src\wrappers\bootstrap\mmenu.bootstrap.js
D:\ProJects\pizzaKennel\bobbySaxyKennel\mmenu\mmenu-js-master\src\wrappers\magento\mmenu.magento.js
D:\ProJects\pizzaKennel\bobbySaxyKennel\mmenu\mmenu-js-master\src\wrappers\olark\mmenu.olark.js
D:\ProJects\pizzaKennel\bobbySaxyKennel\mmenu\mmenu-js-master\src\wrappers\turbolinks\mmenu.turbolinks.js
D:\ProJects\pizzaKennel\bobbySaxyKennel\mmenu\mmenu-js-master\src\wrappers\wordpress\mmenu.wordpress.js
